2017-07-03 10:20:36 [match_coverages] [INFO ] Reading and processing raster zsetup/bdes_to/02_abf_car/02_abf_car_out/02_abf_car.rank.compressed.tif
2017-07-03 10:20:36 [match_coverages] [DEBUG] Number of informative cells in the data: 4117469
2017-07-03 10:20:36 [match_coverages] [DEBUG] Number of informative cells in the expand mask: 4187025
2017-07-03 10:20:36 [match_coverages] [INFO ] Writing output raster zsetup/bdes_to/02_abf_car/02_abf_car_out/02_abf_car.rank_matched.compressed.tif
2017-07-03 10:20:38 [match_coverages] [INFO ]  [TIME] Masking took 3.4 sec
2017-07-03 10:20:39 [match_coverages] [INFO ] Reading and processing raster zsetup/bdes_to/03_abf_esc/03_abf_esc_out/03_abf_esc.rank.compressed.tif
2017-07-03 10:20:40 [match_coverages] [DEBUG] Number of informative cells in the data: 4194303
2017-07-03 10:20:40 [match_coverages] [DEBUG] Number of informative cells in the expand mask: 4187025
2017-07-03 10:20:40 [match_coverages] [INFO ] Writing output raster zsetup/bdes_to/03_abf_esc/03_abf_esc_out/03_abf_esc.rank_matched.compressed.tif
2017-07-03 10:20:42 [match_coverages] [INFO ]  [TIME] Masking took 3.53 sec
2017-07-03 10:20:42 [match_coverages] [INFO ] Reading and processing raster zsetup/bdes_to/04_abf_esf/04_abf_esf_out/04_abf_esf.rank.compressed.tif
2017-07-03 10:20:43 [match_coverages] [DEBUG] Number of informative cells in the data: 4190493
2017-07-03 10:20:43 [match_coverages] [DEBUG] Number of informative cells in the expand mask: 4187025
2017-07-03 10:20:43 [match_coverages] [INFO ] Writing output raster zsetup/bdes_to/04_abf_esf/04_abf_esf_out/04_abf_esf.rank_matched.compressed.tif
2017-07-03 10:20:45 [match_coverages] [INFO ]  [TIME] Masking took 3.65 sec
2017-07-03 10:20:46 [match_coverages] [INFO ] Reading and processing raster zsetup/bdes_to/06_abf_bio_esc/06_abf_bio_esc_out/06_abf_bio_esc.rank.compressed.tif
2017-07-03 10:20:47 [match_coverages] [DEBUG] Number of informative cells in the data: 4194322
2017-07-03 10:20:47 [match_coverages] [DEBUG] Number of informative cells in the expand mask: 4187025
2017-07-03 10:20:47 [match_coverages] [INFO ] Writing output raster zsetup/bdes_to/06_abf_bio_esc/06_abf_bio_esc_out/06_abf_bio_esc.rank_matched.compressed.tif
2017-07-03 10:20:49 [match_coverages] [INFO ]  [TIME] Masking took 3.71 sec
2017-07-03 10:20:50 [match_coverages] [INFO ] Reading and processing raster zsetup/bdes_to/07_abf_bio_esf/07_abf_bio_esf_out/07_abf_bio_esf.rank.compressed.tif
2017-07-03 10:20:51 [match_coverages] [DEBUG] Number of informative cells in the data: 4193420
2017-07-03 10:20:51 [match_coverages] [DEBUG] Number of informative cells in the expand mask: 4187025
2017-07-03 10:20:51 [match_coverages] [INFO ] Writing output raster zsetup/bdes_to/07_abf_bio_esf/07_abf_bio_esf_out/07_abf_bio_esf.rank_matched.compressed.tif
2017-07-03 10:20:53 [match_coverages] [INFO ]  [TIME] Masking took 3.6 sec
