2017-06-21 13:51:55 [process_flowzones] [DEBUG]  Creating output file that is 4526P x 4410L.
2017-06-21 13:51:55 [process_flowzones] [DEBUG]  Processing input file data/processed/features/provide/cultural_landscape_index_agro//cultural_landscape_index_agro.tif.
2017-06-21 13:51:55 [process_flowzones] [DEBUG]  Using internal nodata values (e.g. -3.40282e+38) for image data/processed/features/provide/cultural_landscape_index_agro//cultural_landscape_index_agro.tif.
2017-06-21 13:51:55 [process_flowzones] [DEBUG]  0...10...20...30...40...50...60...70...80...90...100 - done.
2017-06-21 13:51:55 [process_flowzones] [DEBUG]  Creating output file that is 4526P x 4410L.
2017-06-21 13:51:55 [process_flowzones] [DEBUG]  Processing input file data/processed/features/provide/cultural_landscape_index_agro//cultural_landscape_index_agro.tif.
2017-06-21 13:51:55 [process_flowzones] [DEBUG]  Using internal nodata values (e.g. -3.40282e+38) for image data/processed/features/provide/cultural_landscape_index_agro//cultural_landscape_index_agro.tif.
2017-06-21 13:51:55 [process_flowzones] [DEBUG]  0...10...20...30...40...50...60...70...80...90...100 - done.
2017-06-21 13:51:55 [process_flowzones] [DEBUG]  Creating output file that is 4526P x 4410L.
2017-06-21 13:51:55 [process_flowzones] [DEBUG]  Processing input file data/processed/features/provide/cultural_landscape_index_agro//cultural_landscape_index_agro.tif.
2017-06-21 13:51:55 [process_flowzones] [DEBUG]  Using internal nodata values (e.g. -3.40282e+38) for image data/processed/features/provide/cultural_landscape_index_agro//cultural_landscape_index_agro.tif.
2017-06-21 13:51:55 [process_flowzones] [DEBUG]  0...10...20...30...40...50...60...70...80...90...100 - done.
2017-06-21 13:51:55 [process_flowzones] [DEBUG]  Creating output file that is 4526P x 4410L.
2017-06-21 13:51:55 [process_flowzones] [DEBUG]  Processing input file data/processed/features/provide/cultural_landscape_index_agro//cultural_landscape_index_agro.tif.
2017-06-21 13:51:55 [process_flowzones] [DEBUG]  Using internal nodata values (e.g. -3.40282e+38) for image data/processed/features/provide/cultural_landscape_index_agro//cultural_landscape_index_agro.tif.
2017-06-21 13:51:55 [process_flowzones] [DEBUG]  0...10...20...30...40...50...60...70...80...90...100 - done.
2017-06-21 13:51:55 [process_flowzones] [DEBUG]  Creating output file that is 4526P x 4410L.
2017-06-21 13:51:55 [process_flowzones] [DEBUG]  Processing input file data/processed/features/provide/cultural_landscape_index_agro//cultural_landscape_index_agro.tif.
2017-06-21 13:51:55 [process_flowzones] [DEBUG]  Using internal nodata values (e.g. -3.40282e+38) for image data/processed/features/provide/cultural_landscape_index_agro//cultural_landscape_index_agro.tif.
2017-06-21 13:51:55 [process_flowzones] [DEBUG]  0...10...20...30...40...50...60...70...80...90...100 - done.
2017-06-21 13:51:55 [process_flowzones] [DEBUG]  Creating output file that is 4526P x 4410L.
2017-06-21 13:51:55 [process_flowzones] [DEBUG]  Processing input file data/processed/features/provide/cultural_landscape_index_agro//cultural_landscape_index_agro.tif.
2017-06-21 13:51:55 [process_flowzones] [DEBUG]  Using internal nodata values (e.g. -3.40282e+38) for image data/processed/features/provide/cultural_landscape_index_agro//cultural_landscape_index_agro.tif.
2017-06-21 13:51:55 [process_flowzones] [DEBUG]  0...10...20...30...40...50...60...70...80...90...100 - done.
2017-06-21 13:51:55 [process_flowzones] [DEBUG]  Creating output file that is 4526P x 4410L.
2017-06-21 13:51:55 [process_flowzones] [DEBUG]  Processing input file data/processed/features/provide/cultural_landscape_index_agro//cultural_landscape_index_agro.tif.
2017-06-21 13:51:55 [process_flowzones] [DEBUG]  Using internal nodata values (e.g. -3.40282e+38) for image data/processed/features/provide/cultural_landscape_index_agro//cultural_landscape_index_agro.tif.
2017-06-21 13:51:55 [process_flowzones] [DEBUG]  0...10...20...30...40...50...60...70...80...90...100 - done.
2017-06-21 13:51:55 [process_flowzones] [DEBUG]  Creating output file that is 4526P x 4410L.
2017-06-21 13:51:55 [process_flowzones] [DEBUG]  Processing input file data/processed/features/provide/cultural_landscape_index_agro//cultural_landscape_index_agro.tif.
2017-06-21 13:51:55 [process_flowzones] [DEBUG]  Using internal nodata values (e.g. -3.40282e+38) for image data/processed/features/provide/cultural_landscape_index_agro//cultural_landscape_index_agro.tif.
2017-06-21 13:51:55 [process_flowzones] [DEBUG]  0...10...20...30...40...50...60...70...80...90...100 - done.
2017-06-21 13:51:55 [process_flowzones] [DEBUG]  Creating output file that is 4526P x 4410L.
2017-06-21 13:51:55 [process_flowzones] [DEBUG]  Processing input file data/processed/features/provide/cultural_landscape_index_agro//cultural_landscape_index_agro.tif.
2017-06-21 13:51:55 [process_flowzones] [DEBUG]  Using internal nodata values (e.g. -3.40282e+38) for image data/processed/features/provide/cultural_landscape_index_agro//cultural_landscape_index_agro.tif.
2017-06-21 13:51:55 [process_flowzones] [DEBUG]  0...10...20...30...40...50...60...70...80...90...100 - done.
2017-06-21 13:51:55 [process_flowzones] [DEBUG]  Creating output file that is 4526P x 4410L.
2017-06-21 13:51:55 [process_flowzones] [DEBUG]  Processing input file data/processed/features/provide/cultural_landscape_index_agro//cultural_landscape_index_agro.tif.
2017-06-21 13:51:55 [process_flowzones] [DEBUG]  Using internal nodata values (e.g. -3.40282e+38) for image data/processed/features/provide/cultural_landscape_index_agro//cultural_landscape_index_agro.tif.
2017-06-21 13:51:55 [process_flowzones] [DEBUG]  0...10...20...30...40...50...60...70...80...90...100 - done.
2017-06-21 13:51:55 [process_flowzones] [DEBUG]  Creating output file that is 4526P x 4410L.
2017-06-21 13:51:55 [process_flowzones] [DEBUG]  Processing input file data/processed/features/provide/cultural_landscape_index_agro//cultural_landscape_index_agro.tif.
2017-06-21 13:51:55 [process_flowzones] [DEBUG]  Using internal nodata values (e.g. -3.40282e+38) for image data/processed/features/provide/cultural_landscape_index_agro//cultural_landscape_index_agro.tif.
2017-06-21 13:51:55 [process_flowzones] [DEBUG]  0...10...20...30...40...50...60...70...80...90...100 - done.
2017-06-21 13:51:55 [process_flowzones] [DEBUG]  Creating output file that is 4526P x 4410L.
2017-06-21 13:51:55 [process_flowzones] [DEBUG]  Processing input file data/processed/features/provide/cultural_landscape_index_agro//cultural_landscape_index_agro.tif.
2017-06-21 13:51:55 [process_flowzones] [DEBUG]  Using internal nodata values (e.g. -3.40282e+38) for image data/processed/features/provide/cultural_landscape_index_agro//cultural_landscape_index_agro.tif.
2017-06-21 13:51:55 [process_flowzones] [DEBUG]  0...10...20...30...40...50...60...70...80...90...100 - done.
2017-06-21 13:51:55 [process_flowzones] [DEBUG]  Creating output file that is 4526P x 4410L.
2017-06-21 13:51:55 [process_flowzones] [DEBUG]  Processing input file data/processed/features/provide/cultural_landscape_index_agro//cultural_landscape_index_agro.tif.
2017-06-21 13:51:55 [process_flowzones] [DEBUG]  Using internal nodata values (e.g. -3.40282e+38) for image data/processed/features/provide/cultural_landscape_index_agro//cultural_landscape_index_agro.tif.
2017-06-21 13:51:55 [process_flowzones] [DEBUG]  0...10...20...30...40...50...60...70...80...90...100 - done.
2017-06-21 13:51:55 [process_flowzones] [DEBUG]  Creating output file that is 4526P x 4410L.
2017-06-21 13:51:55 [process_flowzones] [DEBUG]  Processing input file data/processed/features/provide/cultural_landscape_index_agro//cultural_landscape_index_agro.tif.
2017-06-21 13:51:55 [process_flowzones] [DEBUG]  Using internal nodata values (e.g. -3.40282e+38) for image data/processed/features/provide/cultural_landscape_index_agro//cultural_landscape_index_agro.tif.
2017-06-21 13:51:55 [process_flowzones] [DEBUG]  0...10...20...30...40...50...60...70...80...90...100 - done.
2017-06-21 13:51:55 [process_flowzones] [DEBUG]  Creating output file that is 4526P x 4410L.
2017-06-21 13:51:55 [process_flowzones] [DEBUG]  Processing input file data/processed/features/provide/cultural_landscape_index_agro//cultural_landscape_index_agro.tif.
2017-06-21 13:51:55 [process_flowzones] [DEBUG]  Using internal nodata values (e.g. -3.40282e+38) for image data/processed/features/provide/cultural_landscape_index_agro//cultural_landscape_index_agro.tif.
2017-06-21 13:51:55 [process_flowzones] [DEBUG]  0...10...20...30...40...50...60...70...80...90...100 - done.
2017-06-21 13:51:55 [process_flowzones] [DEBUG]  Creating output file that is 4526P x 4410L.
2017-06-21 13:51:55 [process_flowzones] [DEBUG]  Processing input file data/processed/features/provide/cultural_landscape_index_agro//cultural_landscape_index_agro.tif.
2017-06-21 13:51:55 [process_flowzones] [DEBUG]  Using internal nodata values (e.g. -3.40282e+38) for image data/processed/features/provide/cultural_landscape_index_agro//cultural_landscape_index_agro.tif.
2017-06-21 13:51:55 [process_flowzones] [DEBUG]  0...10...20...30...40...50...60...70...80...90...100 - done.
2017-06-21 13:51:55 [process_flowzones] [DEBUG]  Creating output file that is 4526P x 4410L.
2017-06-21 13:51:55 [process_flowzones] [DEBUG]  Processing input file data/processed/features/provide/cultural_landscape_index_agro//cultural_landscape_index_agro.tif.
2017-06-21 13:51:55 [process_flowzones] [DEBUG]  Using internal nodata values (e.g. -3.40282e+38) for image data/processed/features/provide/cultural_landscape_index_agro//cultural_landscape_index_agro.tif.
2017-06-21 13:51:55 [process_flowzones] [DEBUG]  0...10...20...30...40...50...60...70...80...90...100 - done.
2017-06-21 13:51:55 [process_flowzones] [DEBUG]  Creating output file that is 4526P x 4410L.
2017-06-21 13:51:55 [process_flowzones] [DEBUG]  Processing input file data/processed/features/provide/cultural_landscape_index_agro//cultural_landscape_index_agro.tif.
2017-06-21 13:51:55 [process_flowzones] [DEBUG]  Using internal nodata values (e.g. -3.40282e+38) for image data/processed/features/provide/cultural_landscape_index_agro//cultural_landscape_index_agro.tif.
2017-06-21 13:51:55 [process_flowzones] [DEBUG]  0...10...20...30...40...50...60...70...80...90...100 - done.
2017-06-21 13:51:55 [process_flowzones] [DEBUG]  Creating output file that is 4526P x 4410L.
2017-06-21 13:51:55 [process_flowzones] [DEBUG]  Processing input file data/processed/features/provide/cultural_landscape_index_agro//cultural_landscape_index_agro.tif.
2017-06-21 13:51:55 [process_flowzones] [DEBUG]  Using internal nodata values (e.g. -3.40282e+38) for image data/processed/features/provide/cultural_landscape_index_agro//cultural_landscape_index_agro.tif.
2017-06-21 13:51:55 [process_flowzones] [DEBUG]  0...10...20...30...40...50...60...70...80...90...100 - done.
2017-06-21 13:51:55 [process_flowzones] [DEBUG]  Creating output file that is 4526P x 4410L.
2017-06-21 13:51:55 [process_flowzones] [DEBUG]  Processing input file data/processed/features/provide/cultural_landscape_index_agro//cultural_landscape_index_agro.tif.
2017-06-21 13:51:55 [process_flowzones] [DEBUG]  Using internal nodata values (e.g. -3.40282e+38) for image data/processed/features/provide/cultural_landscape_index_agro//cultural_landscape_index_agro.tif.
2017-06-21 13:51:55 [process_flowzones] [DEBUG]  0...10...20...30...40...50...60...70...80...90...100 - done.
2017-06-21 13:51:55 [process_flowzones] [DEBUG]  Creating output file that is 4526P x 4410L.
2017-06-21 13:51:55 [process_flowzones] [DEBUG]  Processing input file data/processed/features/provide/cultural_landscape_index_agro//cultural_landscape_index_agro.tif.
2017-06-21 13:51:55 [process_flowzones] [DEBUG]  Using internal nodata values (e.g. -3.40282e+38) for image data/processed/features/provide/cultural_landscape_index_agro//cultural_landscape_index_agro.tif.
2017-06-21 13:51:55 [process_flowzones] [DEBUG]  0...10...20...30...40...50...60...70...80...90...100 - done.
2017-06-21 13:51:55 [process_flowzones] [DEBUG]  Creating output file that is 4526P x 4410L.
2017-06-21 13:51:55 [process_flowzones] [DEBUG]  Processing input file data/processed/features/provide/cultural_landscape_index_agro//cultural_landscape_index_agro.tif.
2017-06-21 13:51:55 [process_flowzones] [DEBUG]  Using internal nodata values (e.g. -3.40282e+38) for image data/processed/features/provide/cultural_landscape_index_agro//cultural_landscape_index_agro.tif.
2017-06-21 13:51:55 [process_flowzones] [DEBUG]  0...10...20...30...40...50...60...70...80...90...100 - done.
2017-06-21 13:51:55 [process_flowzones] [DEBUG]  Creating output file that is 4526P x 4410L.
2017-06-21 13:51:55 [process_flowzones] [DEBUG]  Processing input file data/processed/features/provide/cultural_landscape_index_agro//cultural_landscape_index_agro.tif.
2017-06-21 13:51:55 [process_flowzones] [DEBUG]  Using internal nodata values (e.g. -3.40282e+38) for image data/processed/features/provide/cultural_landscape_index_agro//cultural_landscape_index_agro.tif.
2017-06-21 13:51:55 [process_flowzones] [DEBUG]  0...10...20...30...40...50...60...70...80...90...100 - done.
2017-06-21 13:51:55 [process_flowzones] [DEBUG]  Creating output file that is 4526P x 4410L.
2017-06-21 13:51:55 [process_flowzones] [DEBUG]  Processing input file data/processed/features/provide/cultural_landscape_index_agro//cultural_landscape_index_agro.tif.
2017-06-21 13:51:55 [process_flowzones] [DEBUG]  Using internal nodata values (e.g. -3.40282e+38) for image data/processed/features/provide/cultural_landscape_index_agro//cultural_landscape_index_agro.tif.
2017-06-21 13:51:55 [process_flowzones] [DEBUG]  0...10...20...30...40...50...60...70...80...90...100 - done.
2017-06-21 13:51:55 [process_flowzones] [DEBUG]  Creating output file that is 4526P x 4410L.
2017-06-21 13:51:55 [process_flowzones] [DEBUG]  Processing input file data/processed/features/provide/cultural_landscape_index_agro//cultural_landscape_index_agro.tif.
2017-06-21 13:51:55 [process_flowzones] [DEBUG]  Using internal nodata values (e.g. -3.40282e+38) for image data/processed/features/provide/cultural_landscape_index_agro//cultural_landscape_index_agro.tif.
2017-06-21 13:51:55 [process_flowzones] [DEBUG]  0...10...20...30...40...50...60...70...80...90...100 - done.
2017-06-21 13:51:55 [process_flowzones] [DEBUG]  cookie_cut function took 142995.87440490723 ms
2017-06-21 13:54:01 [process_flowzones] [DEBUG]  Creating output file that is 4526P x 4410L.
2017-06-21 13:54:01 [process_flowzones] [DEBUG]  Processing input file data/processed/features/provide/cultural_landscape_index_forest/cultural_landscape_index_forest.tif.
2017-06-21 13:54:01 [process_flowzones] [DEBUG]  Using internal nodata values (e.g. -3.40282e+38) for image data/processed/features/provide/cultural_landscape_index_forest/cultural_landscape_index_forest.tif.
2017-06-21 13:54:01 [process_flowzones] [DEBUG]  0...10...20...30...40...50...60...70...80...90...100 - done.
2017-06-21 13:54:01 [process_flowzones] [DEBUG]  Creating output file that is 4526P x 4410L.
2017-06-21 13:54:01 [process_flowzones] [DEBUG]  Processing input file data/processed/features/provide/cultural_landscape_index_forest/cultural_landscape_index_forest.tif.
2017-06-21 13:54:01 [process_flowzones] [DEBUG]  Using internal nodata values (e.g. -3.40282e+38) for image data/processed/features/provide/cultural_landscape_index_forest/cultural_landscape_index_forest.tif.
2017-06-21 13:54:01 [process_flowzones] [DEBUG]  0...10...20...30...40...50...60...70...80...90...100 - done.
2017-06-21 13:54:01 [process_flowzones] [DEBUG]  Creating output file that is 4526P x 4410L.
2017-06-21 13:54:01 [process_flowzones] [DEBUG]  Processing input file data/processed/features/provide/cultural_landscape_index_forest/cultural_landscape_index_forest.tif.
2017-06-21 13:54:01 [process_flowzones] [DEBUG]  Using internal nodata values (e.g. -3.40282e+38) for image data/processed/features/provide/cultural_landscape_index_forest/cultural_landscape_index_forest.tif.
2017-06-21 13:54:01 [process_flowzones] [DEBUG]  0...10...20...30...40...50...60...70...80...90...100 - done.
2017-06-21 13:54:01 [process_flowzones] [DEBUG]  Creating output file that is 4526P x 4410L.
2017-06-21 13:54:01 [process_flowzones] [DEBUG]  Processing input file data/processed/features/provide/cultural_landscape_index_forest/cultural_landscape_index_forest.tif.
2017-06-21 13:54:01 [process_flowzones] [DEBUG]  Using internal nodata values (e.g. -3.40282e+38) for image data/processed/features/provide/cultural_landscape_index_forest/cultural_landscape_index_forest.tif.
2017-06-21 13:54:01 [process_flowzones] [DEBUG]  0...10...20...30...40...50...60...70...80...90...100 - done.
2017-06-21 13:54:01 [process_flowzones] [DEBUG]  Creating output file that is 4526P x 4410L.
2017-06-21 13:54:01 [process_flowzones] [DEBUG]  Processing input file data/processed/features/provide/cultural_landscape_index_forest/cultural_landscape_index_forest.tif.
2017-06-21 13:54:01 [process_flowzones] [DEBUG]  Using internal nodata values (e.g. -3.40282e+38) for image data/processed/features/provide/cultural_landscape_index_forest/cultural_landscape_index_forest.tif.
2017-06-21 13:54:01 [process_flowzones] [DEBUG]  0...10...20...30...40...50...60...70...80...90...100 - done.
2017-06-21 13:54:01 [process_flowzones] [DEBUG]  Creating output file that is 4526P x 4410L.
2017-06-21 13:54:01 [process_flowzones] [DEBUG]  Processing input file data/processed/features/provide/cultural_landscape_index_forest/cultural_landscape_index_forest.tif.
2017-06-21 13:54:01 [process_flowzones] [DEBUG]  Using internal nodata values (e.g. -3.40282e+38) for image data/processed/features/provide/cultural_landscape_index_forest/cultural_landscape_index_forest.tif.
2017-06-21 13:54:01 [process_flowzones] [DEBUG]  0...10...20...30...40...50...60...70...80...90...100 - done.
2017-06-21 13:54:01 [process_flowzones] [DEBUG]  Creating output file that is 4526P x 4410L.
2017-06-21 13:54:01 [process_flowzones] [DEBUG]  Processing input file data/processed/features/provide/cultural_landscape_index_forest/cultural_landscape_index_forest.tif.
2017-06-21 13:54:01 [process_flowzones] [DEBUG]  Using internal nodata values (e.g. -3.40282e+38) for image data/processed/features/provide/cultural_landscape_index_forest/cultural_landscape_index_forest.tif.
2017-06-21 13:54:01 [process_flowzones] [DEBUG]  0...10...20...30...40...50...60...70...80...90...100 - done.
2017-06-21 13:54:01 [process_flowzones] [DEBUG]  Creating output file that is 4526P x 4410L.
2017-06-21 13:54:01 [process_flowzones] [DEBUG]  Processing input file data/processed/features/provide/cultural_landscape_index_forest/cultural_landscape_index_forest.tif.
2017-06-21 13:54:01 [process_flowzones] [DEBUG]  Using internal nodata values (e.g. -3.40282e+38) for image data/processed/features/provide/cultural_landscape_index_forest/cultural_landscape_index_forest.tif.
2017-06-21 13:54:01 [process_flowzones] [DEBUG]  0...10...20...30...40...50...60...70...80...90...100 - done.
2017-06-21 13:54:01 [process_flowzones] [DEBUG]  Creating output file that is 4526P x 4410L.
2017-06-21 13:54:01 [process_flowzones] [DEBUG]  Processing input file data/processed/features/provide/cultural_landscape_index_forest/cultural_landscape_index_forest.tif.
2017-06-21 13:54:01 [process_flowzones] [DEBUG]  Using internal nodata values (e.g. -3.40282e+38) for image data/processed/features/provide/cultural_landscape_index_forest/cultural_landscape_index_forest.tif.
2017-06-21 13:54:01 [process_flowzones] [DEBUG]  0...10...20...30...40...50...60...70...80...90...100 - done.
2017-06-21 13:54:01 [process_flowzones] [DEBUG]  Creating output file that is 4526P x 4410L.
2017-06-21 13:54:01 [process_flowzones] [DEBUG]  Processing input file data/processed/features/provide/cultural_landscape_index_forest/cultural_landscape_index_forest.tif.
2017-06-21 13:54:01 [process_flowzones] [DEBUG]  Using internal nodata values (e.g. -3.40282e+38) for image data/processed/features/provide/cultural_landscape_index_forest/cultural_landscape_index_forest.tif.
2017-06-21 13:54:01 [process_flowzones] [DEBUG]  0...10...20...30...40...50...60...70...80...90...100 - done.
2017-06-21 13:54:01 [process_flowzones] [DEBUG]  Creating output file that is 4526P x 4410L.
2017-06-21 13:54:01 [process_flowzones] [DEBUG]  Processing input file data/processed/features/provide/cultural_landscape_index_forest/cultural_landscape_index_forest.tif.
2017-06-21 13:54:01 [process_flowzones] [DEBUG]  Using internal nodata values (e.g. -3.40282e+38) for image data/processed/features/provide/cultural_landscape_index_forest/cultural_landscape_index_forest.tif.
2017-06-21 13:54:01 [process_flowzones] [DEBUG]  0...10...20...30...40...50...60...70...80...90...100 - done.
2017-06-21 13:54:01 [process_flowzones] [DEBUG]  Creating output file that is 4526P x 4410L.
2017-06-21 13:54:01 [process_flowzones] [DEBUG]  Processing input file data/processed/features/provide/cultural_landscape_index_forest/cultural_landscape_index_forest.tif.
2017-06-21 13:54:01 [process_flowzones] [DEBUG]  Using internal nodata values (e.g. -3.40282e+38) for image data/processed/features/provide/cultural_landscape_index_forest/cultural_landscape_index_forest.tif.
2017-06-21 13:54:01 [process_flowzones] [DEBUG]  0...10...20...30...40...50...60...70...80...90...100 - done.
2017-06-21 13:54:01 [process_flowzones] [DEBUG]  Creating output file that is 4526P x 4410L.
2017-06-21 13:54:01 [process_flowzones] [DEBUG]  Processing input file data/processed/features/provide/cultural_landscape_index_forest/cultural_landscape_index_forest.tif.
2017-06-21 13:54:01 [process_flowzones] [DEBUG]  Using internal nodata values (e.g. -3.40282e+38) for image data/processed/features/provide/cultural_landscape_index_forest/cultural_landscape_index_forest.tif.
2017-06-21 13:54:01 [process_flowzones] [DEBUG]  0...10...20...30...40...50...60...70...80...90...100 - done.
2017-06-21 13:54:01 [process_flowzones] [DEBUG]  Creating output file that is 4526P x 4410L.
2017-06-21 13:54:01 [process_flowzones] [DEBUG]  Processing input file data/processed/features/provide/cultural_landscape_index_forest/cultural_landscape_index_forest.tif.
2017-06-21 13:54:01 [process_flowzones] [DEBUG]  Using internal nodata values (e.g. -3.40282e+38) for image data/processed/features/provide/cultural_landscape_index_forest/cultural_landscape_index_forest.tif.
2017-06-21 13:54:01 [process_flowzones] [DEBUG]  0...10...20...30...40...50...60...70...80...90...100 - done.
2017-06-21 13:54:01 [process_flowzones] [DEBUG]  Creating output file that is 4526P x 4410L.
2017-06-21 13:54:01 [process_flowzones] [DEBUG]  Processing input file data/processed/features/provide/cultural_landscape_index_forest/cultural_landscape_index_forest.tif.
2017-06-21 13:54:01 [process_flowzones] [DEBUG]  Using internal nodata values (e.g. -3.40282e+38) for image data/processed/features/provide/cultural_landscape_index_forest/cultural_landscape_index_forest.tif.
2017-06-21 13:54:01 [process_flowzones] [DEBUG]  0...10...20...30...40...50...60...70...80...90...100 - done.
2017-06-21 13:54:01 [process_flowzones] [DEBUG]  Creating output file that is 4526P x 4410L.
2017-06-21 13:54:01 [process_flowzones] [DEBUG]  Processing input file data/processed/features/provide/cultural_landscape_index_forest/cultural_landscape_index_forest.tif.
2017-06-21 13:54:01 [process_flowzones] [DEBUG]  Using internal nodata values (e.g. -3.40282e+38) for image data/processed/features/provide/cultural_landscape_index_forest/cultural_landscape_index_forest.tif.
2017-06-21 13:54:01 [process_flowzones] [DEBUG]  0...10...20...30...40...50...60...70...80...90...100 - done.
2017-06-21 13:54:01 [process_flowzones] [DEBUG]  Creating output file that is 4526P x 4410L.
2017-06-21 13:54:01 [process_flowzones] [DEBUG]  Processing input file data/processed/features/provide/cultural_landscape_index_forest/cultural_landscape_index_forest.tif.
2017-06-21 13:54:01 [process_flowzones] [DEBUG]  Using internal nodata values (e.g. -3.40282e+38) for image data/processed/features/provide/cultural_landscape_index_forest/cultural_landscape_index_forest.tif.
2017-06-21 13:54:01 [process_flowzones] [DEBUG]  0...10...20...30...40...50...60...70...80...90...100 - done.
2017-06-21 13:54:01 [process_flowzones] [DEBUG]  Creating output file that is 4526P x 4410L.
2017-06-21 13:54:01 [process_flowzones] [DEBUG]  Processing input file data/processed/features/provide/cultural_landscape_index_forest/cultural_landscape_index_forest.tif.
2017-06-21 13:54:01 [process_flowzones] [DEBUG]  Using internal nodata values (e.g. -3.40282e+38) for image data/processed/features/provide/cultural_landscape_index_forest/cultural_landscape_index_forest.tif.
2017-06-21 13:54:01 [process_flowzones] [DEBUG]  0...10...20...30...40...50...60...70...80...90...100 - done.
2017-06-21 13:54:01 [process_flowzones] [DEBUG]  Creating output file that is 4526P x 4410L.
2017-06-21 13:54:01 [process_flowzones] [DEBUG]  Processing input file data/processed/features/provide/cultural_landscape_index_forest/cultural_landscape_index_forest.tif.
2017-06-21 13:54:01 [process_flowzones] [DEBUG]  Using internal nodata values (e.g. -3.40282e+38) for image data/processed/features/provide/cultural_landscape_index_forest/cultural_landscape_index_forest.tif.
2017-06-21 13:54:01 [process_flowzones] [DEBUG]  0...10...20...30...40...50...60...70...80...90...100 - done.
2017-06-21 13:54:01 [process_flowzones] [DEBUG]  Creating output file that is 4526P x 4410L.
2017-06-21 13:54:01 [process_flowzones] [DEBUG]  Processing input file data/processed/features/provide/cultural_landscape_index_forest/cultural_landscape_index_forest.tif.
2017-06-21 13:54:01 [process_flowzones] [DEBUG]  Using internal nodata values (e.g. -3.40282e+38) for image data/processed/features/provide/cultural_landscape_index_forest/cultural_landscape_index_forest.tif.
2017-06-21 13:54:01 [process_flowzones] [DEBUG]  0...10...20...30...40...50...60...70...80...90...100 - done.
2017-06-21 13:54:01 [process_flowzones] [DEBUG]  Creating output file that is 4526P x 4410L.
2017-06-21 13:54:01 [process_flowzones] [DEBUG]  Processing input file data/processed/features/provide/cultural_landscape_index_forest/cultural_landscape_index_forest.tif.
2017-06-21 13:54:01 [process_flowzones] [DEBUG]  Using internal nodata values (e.g. -3.40282e+38) for image data/processed/features/provide/cultural_landscape_index_forest/cultural_landscape_index_forest.tif.
2017-06-21 13:54:01 [process_flowzones] [DEBUG]  0...10...20...30...40...50...60...70...80...90...100 - done.
2017-06-21 13:54:01 [process_flowzones] [DEBUG]  Creating output file that is 4526P x 4410L.
2017-06-21 13:54:01 [process_flowzones] [DEBUG]  Processing input file data/processed/features/provide/cultural_landscape_index_forest/cultural_landscape_index_forest.tif.
2017-06-21 13:54:01 [process_flowzones] [DEBUG]  Using internal nodata values (e.g. -3.40282e+38) for image data/processed/features/provide/cultural_landscape_index_forest/cultural_landscape_index_forest.tif.
2017-06-21 13:54:01 [process_flowzones] [DEBUG]  0...10...20...30...40...50...60...70...80...90...100 - done.
2017-06-21 13:54:01 [process_flowzones] [DEBUG]  Creating output file that is 4526P x 4410L.
2017-06-21 13:54:01 [process_flowzones] [DEBUG]  Processing input file data/processed/features/provide/cultural_landscape_index_forest/cultural_landscape_index_forest.tif.
2017-06-21 13:54:01 [process_flowzones] [DEBUG]  Using internal nodata values (e.g. -3.40282e+38) for image data/processed/features/provide/cultural_landscape_index_forest/cultural_landscape_index_forest.tif.
2017-06-21 13:54:01 [process_flowzones] [DEBUG]  0...10...20...30...40...50...60...70...80...90...100 - done.
2017-06-21 13:54:01 [process_flowzones] [DEBUG]  Creating output file that is 4526P x 4410L.
2017-06-21 13:54:01 [process_flowzones] [DEBUG]  Processing input file data/processed/features/provide/cultural_landscape_index_forest/cultural_landscape_index_forest.tif.
2017-06-21 13:54:01 [process_flowzones] [DEBUG]  Using internal nodata values (e.g. -3.40282e+38) for image data/processed/features/provide/cultural_landscape_index_forest/cultural_landscape_index_forest.tif.
2017-06-21 13:54:01 [process_flowzones] [DEBUG]  0...10...20...30...40...50...60...70...80...90...100 - done.
2017-06-21 13:54:01 [process_flowzones] [DEBUG]  Creating output file that is 4526P x 4410L.
2017-06-21 13:54:01 [process_flowzones] [DEBUG]  Processing input file data/processed/features/provide/cultural_landscape_index_forest/cultural_landscape_index_forest.tif.
2017-06-21 13:54:01 [process_flowzones] [DEBUG]  Using internal nodata values (e.g. -3.40282e+38) for image data/processed/features/provide/cultural_landscape_index_forest/cultural_landscape_index_forest.tif.
2017-06-21 13:54:01 [process_flowzones] [DEBUG]  0...10...20...30...40...50...60...70...80...90...100 - done.
2017-06-21 13:54:01 [process_flowzones] [DEBUG]  cookie_cut function took 125873.41499328613 ms
